<?xml version="1.0" encoding="UTF-8"?>
<!-- Generated by org.testng.reporters.JUnitReportReporter -->
<testsuite hostname="DESKTOP-H3SNJHA" failures="0" tests="1" name="com.symbion.shop.testcases.orderStatusTest" time="117.475" errors="0" timestamp="2021-04-18T17:38:18 IST" skipped="0">
  <testcase classname="com.symbion.shop.testcases.orderStatusTest" name="orderStatusConfirmation" time="117.475"/>
  <system-out/>
</testsuite> <!-- com.symbion.shop.testcases.orderStatusTest -->
